INFO:     Started server process [34020]
INFO:     Waiting for application startup.
Running all migrations from base to head...
INFO  [alembic.runtime.migration] Context impl SQLiteImpl.
INFO  [alembic.runtime.migration] Will assume non-transactional DDL.
INFO:     Application startup complete.
INFO:     Uvicorn running on http://127.0.0.1:8000 (Press CTRL+C to quit)
Executing pipeline `download_pipeline` #201 via trigger `every_second`
INFO  [plombery.201] Executing pipeline `download_pipeline` #201 via trigger `every_second`
Executing task download_and_delete_mp4
INFO  [plombery.201] Executing task download_and_delete_mp4
Running download_and_delete_mp4 at 2025-12-09 19:17:19.151684
INFO  [plombery.201-download_and_delete_mp4] Running download_and_delete_mp4 at 2025-12-09 19:17:19.151684
Executing pipeline `download_pipeline` #202 via trigger `every_second`
INFO  [plombery.202] Executing pipeline `download_pipeline` #202 via trigger `every_second`
Executing task download_and_delete_mp4
INFO  [plombery.202] Executing task download_and_delete_mp4
Running download_and_delete_mp4 at 2025-12-09 19:17:20.146635
INFO  [plombery.202-download_and_delete_mp4] Running download_and_delete_mp4 at 2025-12-09 19:17:20.146635
Executing pipeline `download_pipeline` #203 via trigger `every_second`
INFO  [plombery.203] Executing pipeline `download_pipeline` #203 via trigger `every_second`
Executing task download_and_delete_mp4
INFO  [plombery.203] Executing task download_and_delete_mp4
Running download_and_delete_mp4 at 2025-12-09 19:17:21.152897
INFO  [plombery.203-download_and_delete_mp4] Running download_and_delete_mp4 at 2025-12-09 19:17:21.152897
Executing pipeline `download_pipeline` #204 via trigger `every_second`
INFO  [plombery.204] Executing pipeline `download_pipeline` #204 via trigger `every_second`
Executing task download_and_delete_mp4
INFO  [plombery.204] Executing task download_and_delete_mp4
Running download_and_delete_mp4 at 2025-12-09 19:17:22.156841
INFO  [plombery.204-download_and_delete_mp4] Running download_and_delete_mp4 at 2025-12-09 19:17:22.156841
Executing pipeline `download_pipeline` #205 via trigger `every_second`
INFO  [plombery.205] Executing pipeline `download_pipeline` #205 via trigger `every_second`
Executing task download_and_delete_mp4
INFO  [plombery.205] Executing task download_and_delete_mp4
Running download_and_delete_mp4 at 2025-12-09 19:17:23.148477
INFO  [plombery.205-download_and_delete_mp4] Running download_and_delete_mp4 at 2025-12-09 19:17:23.148477
Executing pipeline `download_pipeline` #206 via trigger `every_second`
INFO  [plombery.206] Executing pipeline `download_pipeline` #206 via trigger `every_second`
Executing task download_and_delete_mp4
INFO  [plombery.206] Executing task download_and_delete_mp4
Running download_and_delete_mp4 at 2025-12-09 19:17:24.158801
INFO  [plombery.206-download_and_delete_mp4] Running download_and_delete_mp4 at 2025-12-09 19:17:24.158801
Alembic migrations complete.
INFO:     127.0.0.1:54645 - "GET / HTTP/1.1" 200 OK
INFO:     127.0.0.1:58525 - "WebSocket /ws/socket.io/?EIO=4&transport=websocket" [accepted]
INFO:     127.0.0.1:54645 - "GET /api/auth/whoami HTTP/1.1" 200 OK
INFO:     127.0.0.1:54645 - "GET /api/pipelines/ HTTP/1.1" 200 OK
INFO:     127.0.0.1:58291 - "GET /api/runs/?pipeline_id=&trigger_id= HTTP/1.1" 200 OK
Executing pipeline `download_pipeline` #207 via trigger `every_second`
INFO  [plombery.207] Executing pipeline `download_pipeline` #207 via trigger `every_second`
Executing task download_and_delete_mp4
INFO  [plombery.207] Executing task download_and_delete_mp4
Running download_and_delete_mp4 at 2025-12-09 19:17:25.148837
INFO  [plombery.207-download_and_delete_mp4] Running download_and_delete_mp4 at 2025-12-09 19:17:25.148837
INFO:     127.0.0.1:58291 - "GET /api/runs/?pipeline_id=&trigger_id= HTTP/1.1" 200 OK
Executing pipeline `download_pipeline` #208 via trigger `every_second`
INFO  [plombery.208] Executing pipeline `download_pipeline` #208 via trigger `every_second`
Executing task download_and_delete_mp4
INFO  [plombery.208] Executing task download_and_delete_mp4
Running download_and_delete_mp4 at 2025-12-09 19:17:26.156850
INFO  [plombery.208-download_and_delete_mp4] Running download_and_delete_mp4 at 2025-12-09 19:17:26.156850
INFO:     127.0.0.1:58291 - "GET /api/runs/?pipeline_id=&trigger_id= HTTP/1.1" 200 OK
Executing pipeline `download_pipeline` #209 via trigger `every_second`
INFO  [plombery.209] Executing pipeline `download_pipeline` #209 via trigger `every_second`
Executing task download_and_delete_mp4
INFO  [plombery.209] Executing task download_and_delete_mp4
Running download_and_delete_mp4 at 2025-12-09 19:17:27.152677
INFO  [plombery.209-download_and_delete_mp4] Running download_and_delete_mp4 at 2025-12-09 19:17:27.152677
INFO:     127.0.0.1:58291 - "GET /api/runs/?pipeline_id=&trigger_id= HTTP/1.1" 200 OK
Executing pipeline `download_pipeline` #210 via trigger `every_second`
INFO  [plombery.210] Executing pipeline `download_pipeline` #210 via trigger `every_second`
Executing task download_and_delete_mp4
INFO  [plombery.210] Executing task download_and_delete_mp4
Running download_and_delete_mp4 at 2025-12-09 19:17:28.144577
INFO  [plombery.210-download_and_delete_mp4] Running download_and_delete_mp4 at 2025-12-09 19:17:28.144577
INFO:     127.0.0.1:58291 - "GET /api/runs/?pipeline_id=&trigger_id= HTTP/1.1" 200 OK
Executing pipeline `download_pipeline` #211 via trigger `every_second`
INFO  [plombery.211] Executing pipeline `download_pipeline` #211 via trigger `every_second`
Executing task download_and_delete_mp4
INFO  [plombery.211] Executing task download_and_delete_mp4
Running download_and_delete_mp4 at 2025-12-09 19:17:29.158656
INFO  [plombery.211-download_and_delete_mp4] Running download_and_delete_mp4 at 2025-12-09 19:17:29.158656
INFO:     127.0.0.1:58291 - "GET /api/runs/?pipeline_id=&trigger_id= HTTP/1.1" 200 OK
Executing pipeline `download_pipeline` #212 via trigger `every_second`
INFO  [plombery.212] Executing pipeline `download_pipeline` #212 via trigger `every_second`
Executing task download_and_delete_mp4
INFO  [plombery.212] Executing task download_and_delete_mp4
Running download_and_delete_mp4 at 2025-12-09 19:17:30.150709
INFO  [plombery.212-download_and_delete_mp4] Running download_and_delete_mp4 at 2025-12-09 19:17:30.150709
INFO:     127.0.0.1:58291 - "GET /api/runs/?pipeline_id=&trigger_id= HTTP/1.1" 200 OK
Executing pipeline `download_pipeline` #213 via trigger `every_second`
INFO  [plombery.213] Executing pipeline `download_pipeline` #213 via trigger `every_second`
Executing task download_and_delete_mp4
INFO  [plombery.213] Executing task download_and_delete_mp4
Running download_and_delete_mp4 at 2025-12-09 19:17:31.146755
INFO  [plombery.213-download_and_delete_mp4] Running download_and_delete_mp4 at 2025-12-09 19:17:31.146755
INFO:     127.0.0.1:58291 - "GET /api/runs/?pipeline_id=&trigger_id= HTTP/1.1" 200 OK
Executing pipeline `download_pipeline` #214 via trigger `every_second`
INFO  [plombery.214] Executing pipeline `download_pipeline` #214 via trigger `every_second`
Executing task download_and_delete_mp4
INFO  [plombery.214] Executing task download_and_delete_mp4
Running download_and_delete_mp4 at 2025-12-09 19:17:32.156773
INFO  [plombery.214-download_and_delete_mp4] Running download_and_delete_mp4 at 2025-12-09 19:17:32.156773
INFO:     127.0.0.1:58291 - "GET /api/runs/?pipeline_id=&trigger_id= HTTP/1.1" 200 OK
Executing pipeline `download_pipeline` #215 via trigger `every_second`
INFO  [plombery.215] Executing pipeline `download_pipeline` #215 via trigger `every_second`
Executing task download_and_delete_mp4
INFO  [plombery.215] Executing task download_and_delete_mp4
Running download_and_delete_mp4 at 2025-12-09 19:17:33.150957
INFO  [plombery.215-download_and_delete_mp4] Running download_and_delete_mp4 at 2025-12-09 19:17:33.150957
INFO:     127.0.0.1:58291 - "GET /api/runs/?pipeline_id=&trigger_id= HTTP/1.1" 200 OK
Executing pipeline `download_pipeline` #216 via trigger `every_second`
INFO  [plombery.216] Executing pipeline `download_pipeline` #216 via trigger `every_second`
Executing task download_and_delete_mp4
INFO  [plombery.216] Executing task download_and_delete_mp4
Running download_and_delete_mp4 at 2025-12-09 19:17:34.146708
INFO  [plombery.216-download_and_delete_mp4] Running download_and_delete_mp4 at 2025-12-09 19:17:34.146708
INFO:     127.0.0.1:58291 - "GET /api/runs/?pipeline_id=&trigger_id= HTTP/1.1" 200 OK
Executing pipeline `download_pipeline` #217 via trigger `every_second`
INFO  [plombery.217] Executing pipeline `download_pipeline` #217 via trigger `every_second`
Executing task download_and_delete_mp4
INFO  [plombery.217] Executing task download_and_delete_mp4
Running download_and_delete_mp4 at 2025-12-09 19:17:35.144720
INFO  [plombery.217-download_and_delete_mp4] Running download_and_delete_mp4 at 2025-12-09 19:17:35.144720
INFO:     127.0.0.1:58291 - "GET /api/runs/?pipeline_id=&trigger_id= HTTP/1.1" 200 OK
Executing pipeline `download_pipeline` #218 via trigger `every_second`
INFO  [plombery.218] Executing pipeline `download_pipeline` #218 via trigger `every_second`
Executing task download_and_delete_mp4
INFO  [plombery.218] Executing task download_and_delete_mp4
Running download_and_delete_mp4 at 2025-12-09 19:17:36.151111
INFO  [plombery.218-download_and_delete_mp4] Running download_and_delete_mp4 at 2025-12-09 19:17:36.151111
INFO:     127.0.0.1:58291 - "GET /api/runs/?pipeline_id=&trigger_id= HTTP/1.1" 200 OK
Executing pipeline `download_pipeline` #219 via trigger `every_second`
INFO  [plombery.219] Executing pipeline `download_pipeline` #219 via trigger `every_second`
Executing task download_and_delete_mp4
INFO  [plombery.219] Executing task download_and_delete_mp4
Running download_and_delete_mp4 at 2025-12-09 19:17:37.144907
INFO  [plombery.219-download_and_delete_mp4] Running download_and_delete_mp4 at 2025-12-09 19:17:37.144907
INFO:     127.0.0.1:58291 - "GET /api/runs/?pipeline_id=&trigger_id= HTTP/1.1" 200 OK
Executing pipeline `download_pipeline` #220 via trigger `every_second`
INFO  [plombery.220] Executing pipeline `download_pipeline` #220 via trigger `every_second`
Executing task download_and_delete_mp4
INFO  [plombery.220] Executing task download_and_delete_mp4
Running download_and_delete_mp4 at 2025-12-09 19:17:38.143186
INFO  [plombery.220-download_and_delete_mp4] Running download_and_delete_mp4 at 2025-12-09 19:17:38.143186
INFO:     127.0.0.1:58291 - "GET /api/runs/?pipeline_id=&trigger_id= HTTP/1.1" 200 OK
Executing pipeline `download_pipeline` #221 via trigger `every_second`
INFO  [plombery.221] Executing pipeline `download_pipeline` #221 via trigger `every_second`
Executing task download_and_delete_mp4
INFO  [plombery.221] Executing task download_and_delete_mp4
Running download_and_delete_mp4 at 2025-12-09 19:17:39.154815
INFO  [plombery.221-download_and_delete_mp4] Running download_and_delete_mp4 at 2025-12-09 19:17:39.154815
INFO:     127.0.0.1:58291 - "GET /api/runs/?pipeline_id=&trigger_id= HTTP/1.1" 200 OK
Executing pipeline `download_pipeline` #222 via trigger `every_second`
INFO  [plombery.222] Executing pipeline `download_pipeline` #222 via trigger `every_second`
Executing task download_and_delete_mp4
INFO  [plombery.222] Executing task download_and_delete_mp4
Running download_and_delete_mp4 at 2025-12-09 19:17:40.152646
INFO  [plombery.222-download_and_delete_mp4] Running download_and_delete_mp4 at 2025-12-09 19:17:40.152646
INFO:     127.0.0.1:58291 - "GET /api/runs/?pipeline_id=&trigger_id= HTTP/1.1" 200 OK
Executing pipeline `download_pipeline` #223 via trigger `every_second`
INFO  [plombery.223] Executing pipeline `download_pipeline` #223 via trigger `every_second`
Executing task download_and_delete_mp4
INFO  [plombery.223] Executing task download_and_delete_mp4
Running download_and_delete_mp4 at 2025-12-09 19:17:41.142800
INFO  [plombery.223-download_and_delete_mp4] Running download_and_delete_mp4 at 2025-12-09 19:17:41.142800
INFO:     127.0.0.1:58291 - "GET /api/runs/?pipeline_id=&trigger_id= HTTP/1.1" 200 OK
Executing pipeline `download_pipeline` #224 via trigger `every_second`
INFO  [plombery.224] Executing pipeline `download_pipeline` #224 via trigger `every_second`
Executing task download_and_delete_mp4
INFO  [plombery.224] Executing task download_and_delete_mp4
Running download_and_delete_mp4 at 2025-12-09 19:17:42.154810
INFO  [plombery.224-download_and_delete_mp4] Running download_and_delete_mp4 at 2025-12-09 19:17:42.154810
INFO:     127.0.0.1:58291 - "GET /api/runs/?pipeline_id=&trigger_id= HTTP/1.1" 200 OK
Executing pipeline `download_pipeline` #225 via trigger `every_second`
INFO  [plombery.225] Executing pipeline `download_pipeline` #225 via trigger `every_second`
Executing task download_and_delete_mp4
INFO  [plombery.225] Executing task download_and_delete_mp4
Running download_and_delete_mp4 at 2025-12-09 19:17:43.152747
INFO  [plombery.225-download_and_delete_mp4] Running download_and_delete_mp4 at 2025-12-09 19:17:43.152747
INFO:     127.0.0.1:58291 - "GET /api/runs/?pipeline_id=&trigger_id= HTTP/1.1" 200 OK
Executing pipeline `download_pipeline` #226 via trigger `every_second`
INFO  [plombery.226] Executing pipeline `download_pipeline` #226 via trigger `every_second`
Executing task download_and_delete_mp4
INFO  [plombery.226] Executing task download_and_delete_mp4
Running download_and_delete_mp4 at 2025-12-09 19:17:44.150779
INFO  [plombery.226-download_and_delete_mp4] Running download_and_delete_mp4 at 2025-12-09 19:17:44.150779
INFO:     127.0.0.1:58291 - "GET /api/runs/?pipeline_id=&trigger_id= HTTP/1.1" 200 OK
Executing pipeline `download_pipeline` #227 via trigger `every_second`
INFO  [plombery.227] Executing pipeline `download_pipeline` #227 via trigger `every_second`
Executing task download_and_delete_mp4
INFO  [plombery.227] Executing task download_and_delete_mp4
Running download_and_delete_mp4 at 2025-12-09 19:17:45.144698
INFO  [plombery.227-download_and_delete_mp4] Running download_and_delete_mp4 at 2025-12-09 19:17:45.144698
INFO:     127.0.0.1:58291 - "GET /api/runs/?pipeline_id=&trigger_id= HTTP/1.1" 200 OK
Executing pipeline `download_pipeline` #228 via trigger `every_second`
INFO  [plombery.228] Executing pipeline `download_pipeline` #228 via trigger `every_second`
Executing task download_and_delete_mp4
INFO  [plombery.228] Executing task download_and_delete_mp4
Running download_and_delete_mp4 at 2025-12-09 19:17:46.142835
INFO  [plombery.228-download_and_delete_mp4] Running download_and_delete_mp4 at 2025-12-09 19:17:46.142835
INFO:     127.0.0.1:58291 - "GET /api/runs/?pipeline_id=&trigger_id= HTTP/1.1" 200 OK
Executing pipeline `download_pipeline` #229 via trigger `every_second`
INFO  [plombery.229] Executing pipeline `download_pipeline` #229 via trigger `every_second`
Executing task download_and_delete_mp4
INFO  [plombery.229] Executing task download_and_delete_mp4
Running download_and_delete_mp4 at 2025-12-09 19:17:47.156795
INFO  [plombery.229-download_and_delete_mp4] Running download_and_delete_mp4 at 2025-12-09 19:17:47.156795
INFO:     127.0.0.1:58291 - "GET /api/runs/?pipeline_id=&trigger_id= HTTP/1.1" 200 OK
Executing pipeline `download_pipeline` #230 via trigger `every_second`
INFO  [plombery.230] Executing pipeline `download_pipeline` #230 via trigger `every_second`
Executing task download_and_delete_mp4
INFO  [plombery.230] Executing task download_and_delete_mp4
Running download_and_delete_mp4 at 2025-12-09 19:17:48.156764
INFO  [plombery.230-download_and_delete_mp4] Running download_and_delete_mp4 at 2025-12-09 19:17:48.156764
INFO:     127.0.0.1:58291 - "GET /api/runs/?pipeline_id=&trigger_id= HTTP/1.1" 200 OK
Executing pipeline `download_pipeline` #231 via trigger `every_second`
INFO  [plombery.231] Executing pipeline `download_pipeline` #231 via trigger `every_second`
Executing task download_and_delete_mp4
INFO  [plombery.231] Executing task download_and_delete_mp4
Running download_and_delete_mp4 at 2025-12-09 19:17:49.142603
INFO  [plombery.231-download_and_delete_mp4] Running download_and_delete_mp4 at 2025-12-09 19:17:49.142603
INFO:     127.0.0.1:58291 - "GET /api/runs/?pipeline_id=&trigger_id= HTTP/1.1" 200 OK
Executing pipeline `download_pipeline` #232 via trigger `every_second`
INFO  [plombery.232] Executing pipeline `download_pipeline` #232 via trigger `every_second`
Executing task download_and_delete_mp4
INFO  [plombery.232] Executing task download_and_delete_mp4
Running download_and_delete_mp4 at 2025-12-09 19:17:50.144867
INFO  [plombery.232-download_and_delete_mp4] Running download_and_delete_mp4 at 2025-12-09 19:17:50.144867
INFO:     127.0.0.1:58291 - "GET /api/runs/?pipeline_id=&trigger_id= HTTP/1.1" 200 OK
Executing pipeline `download_pipeline` #233 via trigger `every_second`
INFO  [plombery.233] Executing pipeline `download_pipeline` #233 via trigger `every_second`
Executing task download_and_delete_mp4
INFO  [plombery.233] Executing task download_and_delete_mp4
Running download_and_delete_mp4 at 2025-12-09 19:17:51.145329
INFO  [plombery.233-download_and_delete_mp4] Running download_and_delete_mp4 at 2025-12-09 19:17:51.145329
INFO:     127.0.0.1:58291 - "GET /api/runs/?pipeline_id=&trigger_id= HTTP/1.1" 200 OK
Executing pipeline `download_pipeline` #234 via trigger `every_second`
INFO  [plombery.234] Executing pipeline `download_pipeline` #234 via trigger `every_second`
Executing task download_and_delete_mp4
INFO  [plombery.234] Executing task download_and_delete_mp4
Running download_and_delete_mp4 at 2025-12-09 19:17:52.144916
INFO  [plombery.234-download_and_delete_mp4] Running download_and_delete_mp4 at 2025-12-09 19:17:52.144916
INFO:     127.0.0.1:58291 - "GET /api/runs/?pipeline_id=&trigger_id= HTTP/1.1" 200 OK
Executing pipeline `download_pipeline` #235 via trigger `every_second`
INFO  [plombery.235] Executing pipeline `download_pipeline` #235 via trigger `every_second`
Executing task download_and_delete_mp4
INFO  [plombery.235] Executing task download_and_delete_mp4
Running download_and_delete_mp4 at 2025-12-09 19:17:53.149141
INFO  [plombery.235-download_and_delete_mp4] Running download_and_delete_mp4 at 2025-12-09 19:17:53.149141
INFO:     127.0.0.1:58291 - "GET /api/runs/?pipeline_id=&trigger_id= HTTP/1.1" 200 OK
Executing pipeline `download_pipeline` #236 via trigger `every_second`
INFO  [plombery.236] Executing pipeline `download_pipeline` #236 via trigger `every_second`
Executing task download_and_delete_mp4
INFO  [plombery.236] Executing task download_and_delete_mp4
Running download_and_delete_mp4 at 2025-12-09 19:17:54.145210
INFO  [plombery.236-download_and_delete_mp4] Running download_and_delete_mp4 at 2025-12-09 19:17:54.145210
INFO:     127.0.0.1:58291 - "GET /api/runs/?pipeline_id=&trigger_id= HTTP/1.1" 200 OK
Executing pipeline `download_pipeline` #237 via trigger `every_second`
INFO  [plombery.237] Executing pipeline `download_pipeline` #237 via trigger `every_second`
Executing task download_and_delete_mp4
INFO  [plombery.237] Executing task download_and_delete_mp4
Running download_and_delete_mp4 at 2025-12-09 19:17:55.152778
INFO  [plombery.237-download_and_delete_mp4] Running download_and_delete_mp4 at 2025-12-09 19:17:55.152778
INFO:     127.0.0.1:58291 - "GET /api/runs/?pipeline_id=&trigger_id= HTTP/1.1" 200 OK
Executing pipeline `download_pipeline` #238 via trigger `every_second`
INFO  [plombery.238] Executing pipeline `download_pipeline` #238 via trigger `every_second`
Executing task download_and_delete_mp4
INFO  [plombery.238] Executing task download_and_delete_mp4
Running download_and_delete_mp4 at 2025-12-09 19:17:56.143051
INFO  [plombery.238-download_and_delete_mp4] Running download_and_delete_mp4 at 2025-12-09 19:17:56.143051
INFO:     127.0.0.1:58291 - "GET /api/runs/?pipeline_id=&trigger_id= HTTP/1.1" 200 OK
Executing pipeline `download_pipeline` #239 via trigger `every_second`
INFO  [plombery.239] Executing pipeline `download_pipeline` #239 via trigger `every_second`
Executing task download_and_delete_mp4
INFO  [plombery.239] Executing task download_and_delete_mp4
Running download_and_delete_mp4 at 2025-12-09 19:17:57.155090
INFO  [plombery.239-download_and_delete_mp4] Running download_and_delete_mp4 at 2025-12-09 19:17:57.155090
INFO:     127.0.0.1:58291 - "GET /api/runs/?pipeline_id=&trigger_id= HTTP/1.1" 200 OK
Executing pipeline `download_pipeline` #240 via trigger `every_second`
INFO  [plombery.240] Executing pipeline `download_pipeline` #240 via trigger `every_second`
Executing task download_and_delete_mp4
INFO  [plombery.240] Executing task download_and_delete_mp4
Running download_and_delete_mp4 at 2025-12-09 19:17:58.146833
INFO  [plombery.240-download_and_delete_mp4] Running download_and_delete_mp4 at 2025-12-09 19:17:58.146833
INFO:     127.0.0.1:58291 - "GET /api/runs/?pipeline_id=&trigger_id= HTTP/1.1" 200 OK
Executing pipeline `download_pipeline` #241 via trigger `every_second`
INFO  [plombery.241] Executing pipeline `download_pipeline` #241 via trigger `every_second`
Executing task download_and_delete_mp4
INFO  [plombery.241] Executing task download_and_delete_mp4
Running download_and_delete_mp4 at 2025-12-09 19:17:59.144874
INFO  [plombery.241-download_and_delete_mp4] Running download_and_delete_mp4 at 2025-12-09 19:17:59.144874
INFO:     127.0.0.1:58291 - "GET /api/runs/?pipeline_id=&trigger_id= HTTP/1.1" 200 OK
Executing pipeline `download_pipeline` #242 via trigger `every_second`
INFO  [plombery.242] Executing pipeline `download_pipeline` #242 via trigger `every_second`
Executing task download_and_delete_mp4
INFO  [plombery.242] Executing task download_and_delete_mp4
Running download_and_delete_mp4 at 2025-12-09 19:18:00.154762
INFO  [plombery.242-download_and_delete_mp4] Running download_and_delete_mp4 at 2025-12-09 19:18:00.154762
INFO:     127.0.0.1:58291 - "GET /api/runs/?pipeline_id=&trigger_id= HTTP/1.1" 200 OK
Executing pipeline `download_pipeline` #243 via trigger `every_second`
INFO  [plombery.243] Executing pipeline `download_pipeline` #243 via trigger `every_second`
Executing task download_and_delete_mp4
INFO  [plombery.243] Executing task download_and_delete_mp4
Running download_and_delete_mp4 at 2025-12-09 19:18:01.150782
INFO  [plombery.243-download_and_delete_mp4] Running download_and_delete_mp4 at 2025-12-09 19:18:01.150782
INFO:     127.0.0.1:58291 - "GET /api/runs/?pipeline_id=&trigger_id= HTTP/1.1" 200 OK
Executing pipeline `download_pipeline` #244 via trigger `every_second`
INFO  [plombery.244] Executing pipeline `download_pipeline` #244 via trigger `every_second`
Executing task download_and_delete_mp4
INFO  [plombery.244] Executing task download_and_delete_mp4
Running download_and_delete_mp4 at 2025-12-09 19:18:02.145062
INFO  [plombery.244-download_and_delete_mp4] Running download_and_delete_mp4 at 2025-12-09 19:18:02.145062
INFO:     127.0.0.1:58291 - "GET /api/runs/?pipeline_id=&trigger_id= HTTP/1.1" 200 OK
Executing pipeline `download_pipeline` #245 via trigger `every_second`
INFO  [plombery.245] Executing pipeline `download_pipeline` #245 via trigger `every_second`
Executing task download_and_delete_mp4
INFO  [plombery.245] Executing task download_and_delete_mp4
Running download_and_delete_mp4 at 2025-12-09 19:18:03.143226
INFO  [plombery.245-download_and_delete_mp4] Running download_and_delete_mp4 at 2025-12-09 19:18:03.143226
INFO:     127.0.0.1:58291 - "GET /api/runs/?pipeline_id=&trigger_id= HTTP/1.1" 200 OK
Executing pipeline `download_pipeline` #246 via trigger `every_second`
INFO  [plombery.246] Executing pipeline `download_pipeline` #246 via trigger `every_second`
Executing task download_and_delete_mp4
INFO  [plombery.246] Executing task download_and_delete_mp4
Running download_and_delete_mp4 at 2025-12-09 19:18:04.156963
INFO  [plombery.246-download_and_delete_mp4] Running download_and_delete_mp4 at 2025-12-09 19:18:04.156963
INFO:     127.0.0.1:58291 - "GET /api/runs/?pipeline_id=&trigger_id= HTTP/1.1" 200 OK
Executing pipeline `download_pipeline` #247 via trigger `every_second`
INFO  [plombery.247] Executing pipeline `download_pipeline` #247 via trigger `every_second`
Executing task download_and_delete_mp4
INFO  [plombery.247] Executing task download_and_delete_mp4
Running download_and_delete_mp4 at 2025-12-09 19:18:05.151016
INFO  [plombery.247-download_and_delete_mp4] Running download_and_delete_mp4 at 2025-12-09 19:18:05.151016
INFO:     127.0.0.1:58291 - "GET /api/runs/?pipeline_id=&trigger_id= HTTP/1.1" 200 OK
Executing pipeline `download_pipeline` #248 via trigger `every_second`
INFO  [plombery.248] Executing pipeline `download_pipeline` #248 via trigger `every_second`
Executing task download_and_delete_mp4
INFO  [plombery.248] Executing task download_and_delete_mp4
Running download_and_delete_mp4 at 2025-12-09 19:18:06.147199
INFO  [plombery.248-download_and_delete_mp4] Running download_and_delete_mp4 at 2025-12-09 19:18:06.147199
INFO:     127.0.0.1:58291 - "GET /api/runs/?pipeline_id=&trigger_id= HTTP/1.1" 200 OK
Executing pipeline `download_pipeline` #249 via trigger `every_second`
INFO  [plombery.249] Executing pipeline `download_pipeline` #249 via trigger `every_second`
Executing task download_and_delete_mp4
INFO  [plombery.249] Executing task download_and_delete_mp4
Running download_and_delete_mp4 at 2025-12-09 19:18:07.143238
INFO  [plombery.249-download_and_delete_mp4] Running download_and_delete_mp4 at 2025-12-09 19:18:07.143238
INFO:     127.0.0.1:58291 - "GET /api/runs/?pipeline_id=&trigger_id= HTTP/1.1" 200 OK
Executing pipeline `download_pipeline` #250 via trigger `every_second`
INFO  [plombery.250] Executing pipeline `download_pipeline` #250 via trigger `every_second`
Executing task download_and_delete_mp4
INFO  [plombery.250] Executing task download_and_delete_mp4
Running download_and_delete_mp4 at 2025-12-09 19:18:08.157251
INFO  [plombery.250-download_and_delete_mp4] Running download_and_delete_mp4 at 2025-12-09 19:18:08.157251
INFO:     127.0.0.1:58291 - "GET /api/runs/?pipeline_id=&trigger_id= HTTP/1.1" 200 OK
Executing pipeline `download_pipeline` #251 via trigger `every_second`
INFO  [plombery.251] Executing pipeline `download_pipeline` #251 via trigger `every_second`
Executing task download_and_delete_mp4
INFO  [plombery.251] Executing task download_and_delete_mp4
Running download_and_delete_mp4 at 2025-12-09 19:18:09.157302
INFO  [plombery.251-download_and_delete_mp4] Running download_and_delete_mp4 at 2025-12-09 19:18:09.157302
INFO:     127.0.0.1:58291 - "GET /api/runs/?pipeline_id=&trigger_id= HTTP/1.1" 200 OK
Executing pipeline `download_pipeline` #252 via trigger `every_second`
INFO  [plombery.252] Executing pipeline `download_pipeline` #252 via trigger `every_second`
Executing task download_and_delete_mp4
INFO  [plombery.252] Executing task download_and_delete_mp4
Running download_and_delete_mp4 at 2025-12-09 19:18:10.151074
INFO  [plombery.252-download_and_delete_mp4] Running download_and_delete_mp4 at 2025-12-09 19:18:10.151074
INFO:     127.0.0.1:58291 - "GET /api/runs/?pipeline_id=&trigger_id= HTTP/1.1" 200 OK
Executing pipeline `download_pipeline` #253 via trigger `every_second`
INFO  [plombery.253] Executing pipeline `download_pipeline` #253 via trigger `every_second`
Executing task download_and_delete_mp4
INFO  [plombery.253] Executing task download_and_delete_mp4
Running download_and_delete_mp4 at 2025-12-09 19:18:11.155084
INFO  [plombery.253-download_and_delete_mp4] Running download_and_delete_mp4 at 2025-12-09 19:18:11.155084
INFO:     127.0.0.1:58291 - "GET /api/runs/?pipeline_id=&trigger_id= HTTP/1.1" 200 OK
Executing pipeline `download_pipeline` #254 via trigger `every_second`
INFO  [plombery.254] Executing pipeline `download_pipeline` #254 via trigger `every_second`
Executing task download_and_delete_mp4
INFO  [plombery.254] Executing task download_and_delete_mp4
Running download_and_delete_mp4 at 2025-12-09 19:18:12.147378
INFO  [plombery.254-download_and_delete_mp4] Running download_and_delete_mp4 at 2025-12-09 19:18:12.147378
INFO:     127.0.0.1:58291 - "GET /api/runs/?pipeline_id=&trigger_id= HTTP/1.1" 200 OK
Executing pipeline `download_pipeline` #255 via trigger `every_second`
INFO  [plombery.255] Executing pipeline `download_pipeline` #255 via trigger `every_second`
Executing task download_and_delete_mp4
INFO  [plombery.255] Executing task download_and_delete_mp4
Running download_and_delete_mp4 at 2025-12-09 19:18:13.145073
INFO  [plombery.255-download_and_delete_mp4] Running download_and_delete_mp4 at 2025-12-09 19:18:13.145073
INFO:     127.0.0.1:58291 - "GET /api/runs/?pipeline_id=&trigger_id= HTTP/1.1" 200 OK
Executing pipeline `download_pipeline` #256 via trigger `every_second`
INFO  [plombery.256] Executing pipeline `download_pipeline` #256 via trigger `every_second`
Executing task download_and_delete_mp4
INFO  [plombery.256] Executing task download_and_delete_mp4
Running download_and_delete_mp4 at 2025-12-09 19:18:14.145017
INFO  [plombery.256-download_and_delete_mp4] Running download_and_delete_mp4 at 2025-12-09 19:18:14.145017
INFO:     127.0.0.1:58291 - "GET /api/runs/?pipeline_id=&trigger_id= HTTP/1.1" 200 OK
Executing pipeline `download_pipeline` #257 via trigger `every_second`
INFO  [plombery.257] Executing pipeline `download_pipeline` #257 via trigger `every_second`
Executing task download_and_delete_mp4
INFO  [plombery.257] Executing task download_and_delete_mp4
Running download_and_delete_mp4 at 2025-12-09 19:18:15.157128
INFO  [plombery.257-download_and_delete_mp4] Running download_and_delete_mp4 at 2025-12-09 19:18:15.157128
INFO:     127.0.0.1:58291 - "GET /api/runs/?pipeline_id=&trigger_id= HTTP/1.1" 200 OK
Executing pipeline `download_pipeline` #258 via trigger `every_second`
INFO  [plombery.258] Executing pipeline `download_pipeline` #258 via trigger `every_second`
Executing task download_and_delete_mp4
INFO  [plombery.258] Executing task download_and_delete_mp4
Running download_and_delete_mp4 at 2025-12-09 19:18:16.143101
INFO  [plombery.258-download_and_delete_mp4] Running download_and_delete_mp4 at 2025-12-09 19:18:16.143101
INFO:     127.0.0.1:58291 - "GET /api/runs/?pipeline_id=&trigger_id= HTTP/1.1" 200 OK
Executing pipeline `download_pipeline` #259 via trigger `every_second`
INFO  [plombery.259] Executing pipeline `download_pipeline` #259 via trigger `every_second`
Executing task download_and_delete_mp4
INFO  [plombery.259] Executing task download_and_delete_mp4
Running download_and_delete_mp4 at 2025-12-09 19:18:17.155172
INFO  [plombery.259-download_and_delete_mp4] Running download_and_delete_mp4 at 2025-12-09 19:18:17.155172
INFO:     127.0.0.1:58291 - "GET /api/runs/?pipeline_id=&trigger_id= HTTP/1.1" 200 OK
Executing pipeline `download_pipeline` #260 via trigger `every_second`
INFO  [plombery.260] Executing pipeline `download_pipeline` #260 via trigger `every_second`
Executing task download_and_delete_mp4
INFO  [plombery.260] Executing task download_and_delete_mp4
Running download_and_delete_mp4 at 2025-12-09 19:18:18.149209
INFO  [plombery.260-download_and_delete_mp4] Running download_and_delete_mp4 at 2025-12-09 19:18:18.149209
INFO:     127.0.0.1:58291 - "GET /api/runs/?pipeline_id=&trigger_id= HTTP/1.1" 200 OK
Executing pipeline `download_pipeline` #261 via trigger `every_second`
INFO  [plombery.261] Executing pipeline `download_pipeline` #261 via trigger `every_second`
Executing task download_and_delete_mp4
INFO  [plombery.261] Executing task download_and_delete_mp4
Running download_and_delete_mp4 at 2025-12-09 19:18:19.149135
INFO  [plombery.261-download_and_delete_mp4] Running download_and_delete_mp4 at 2025-12-09 19:18:19.149135
INFO:     127.0.0.1:58291 - "GET /api/runs/?pipeline_id=&trigger_id= HTTP/1.1" 200 OK
Executing pipeline `download_pipeline` #262 via trigger `every_second`
INFO  [plombery.262] Executing pipeline `download_pipeline` #262 via trigger `every_second`
Executing task download_and_delete_mp4
INFO  [plombery.262] Executing task download_and_delete_mp4
Running download_and_delete_mp4 at 2025-12-09 19:18:20.143070
INFO  [plombery.262-download_and_delete_mp4] Running download_and_delete_mp4 at 2025-12-09 19:18:20.143070
INFO:     127.0.0.1:58291 - "GET /api/runs/?pipeline_id=&trigger_id= HTTP/1.1" 200 OK
Executing pipeline `download_pipeline` #263 via trigger `every_second`
INFO  [plombery.263] Executing pipeline `download_pipeline` #263 via trigger `every_second`
Executing task download_and_delete_mp4
INFO  [plombery.263] Executing task download_and_delete_mp4
Running download_and_delete_mp4 at 2025-12-09 19:18:21.147203
INFO  [plombery.263-download_and_delete_mp4] Running download_and_delete_mp4 at 2025-12-09 19:18:21.147203
INFO:     127.0.0.1:58291 - "GET /api/runs/?pipeline_id=&trigger_id= HTTP/1.1" 200 OK
Executing pipeline `download_pipeline` #264 via trigger `every_second`
INFO  [plombery.264] Executing pipeline `download_pipeline` #264 via trigger `every_second`
Executing task download_and_delete_mp4
INFO  [plombery.264] Executing task download_and_delete_mp4
Running download_and_delete_mp4 at 2025-12-09 19:18:22.153556
INFO  [plombery.264-download_and_delete_mp4] Running download_and_delete_mp4 at 2025-12-09 19:18:22.153556
INFO:     127.0.0.1:58291 - "GET /api/runs/?pipeline_id=&trigger_id= HTTP/1.1" 200 OK
Executing pipeline `download_pipeline` #265 via trigger `every_second`
INFO  [plombery.265] Executing pipeline `download_pipeline` #265 via trigger `every_second`
Executing task download_and_delete_mp4
INFO  [plombery.265] Executing task download_and_delete_mp4
Running download_and_delete_mp4 at 2025-12-09 19:18:23.147434
INFO  [plombery.265-download_and_delete_mp4] Running download_and_delete_mp4 at 2025-12-09 19:18:23.147434
INFO:     127.0.0.1:58291 - "GET /api/runs/?pipeline_id=&trigger_id= HTTP/1.1" 200 OK
Executing pipeline `download_pipeline` #266 via trigger `every_second`
INFO  [plombery.266] Executing pipeline `download_pipeline` #266 via trigger `every_second`
Executing task download_and_delete_mp4
INFO  [plombery.266] Executing task download_and_delete_mp4
Running download_and_delete_mp4 at 2025-12-09 19:18:24.143419
INFO  [plombery.266-download_and_delete_mp4] Running download_and_delete_mp4 at 2025-12-09 19:18:24.143419
INFO:     127.0.0.1:58291 - "GET /api/runs/?pipeline_id=&trigger_id= HTTP/1.1" 200 OK
Executing pipeline `download_pipeline` #267 via trigger `every_second`
INFO  [plombery.267] Executing pipeline `download_pipeline` #267 via trigger `every_second`
Executing task download_and_delete_mp4
INFO  [plombery.267] Executing task download_and_delete_mp4
Running download_and_delete_mp4 at 2025-12-09 19:18:25.151232
INFO  [plombery.267-download_and_delete_mp4] Running download_and_delete_mp4 at 2025-12-09 19:18:25.151232
INFO:     127.0.0.1:58291 - "GET /api/runs/?pipeline_id=&trigger_id= HTTP/1.1" 200 OK
Executing pipeline `download_pipeline` #268 via trigger `every_second`
INFO  [plombery.268] Executing pipeline `download_pipeline` #268 via trigger `every_second`
Executing task download_and_delete_mp4
INFO  [plombery.268] Executing task download_and_delete_mp4
Running download_and_delete_mp4 at 2025-12-09 19:18:26.143518
INFO  [plombery.268-download_and_delete_mp4] Running download_and_delete_mp4 at 2025-12-09 19:18:26.143518
INFO:     127.0.0.1:58291 - "GET /api/runs/?pipeline_id=&trigger_id= HTTP/1.1" 200 OK
Executing pipeline `download_pipeline` #269 via trigger `every_second`
INFO  [plombery.269] Executing pipeline `download_pipeline` #269 via trigger `every_second`
Executing task download_and_delete_mp4
INFO  [plombery.269] Executing task download_and_delete_mp4
Running download_and_delete_mp4 at 2025-12-09 19:18:27.151280
INFO  [plombery.269-download_and_delete_mp4] Running download_and_delete_mp4 at 2025-12-09 19:18:27.151280
INFO:     127.0.0.1:58291 - "GET /api/runs/?pipeline_id=&trigger_id= HTTP/1.1" 200 OK
Executing pipeline `download_pipeline` #270 via trigger `every_second`
INFO  [plombery.270] Executing pipeline `download_pipeline` #270 via trigger `every_second`
Executing task download_and_delete_mp4
INFO  [plombery.270] Executing task download_and_delete_mp4
Running download_and_delete_mp4 at 2025-12-09 19:18:28.147142
INFO  [plombery.270-download_and_delete_mp4] Running download_and_delete_mp4 at 2025-12-09 19:18:28.147142
INFO:     127.0.0.1:58291 - "GET /api/runs/?pipeline_id=&trigger_id= HTTP/1.1" 200 OK
INFO:     Shutting down
INFO:     Waiting for application shutdown.
INFO:     Application shutdown complete.
INFO:     Finished server process [34020]
INFO:     Started server process [34672]
INFO:     Waiting for application startup.
Running all migrations from base to head...
INFO  [alembic.runtime.migration] Context impl SQLiteImpl.
INFO  [alembic.runtime.migration] Will assume non-transactional DDL.
INFO:     Application startup complete.
INFO:     Uvicorn running on http://127.0.0.1:8000 (Press CTRL+C to quit)
INFO:     127.0.0.1:57757 - "WebSocket /ws/socket.io/?EIO=4&transport=websocket" [accepted]
Executing pipeline `download_pipeline` #271 via trigger `every_second`
INFO  [plombery.271] Executing pipeline `download_pipeline` #271 via trigger `every_second`
Executing task download_and_delete_mp4
INFO  [plombery.271] Executing task download_and_delete_mp4
Running download_and_delete_mp4 at 2025-12-09 19:18:33.072275
INFO  [plombery.271-download_and_delete_mp4] Running download_and_delete_mp4 at 2025-12-09 19:18:33.072275
Alembic migrations complete.
INFO:     127.0.0.1:57868 - "GET /api/runs/?pipeline_id=&trigger_id= HTTP/1.1" 200 OK
Executing pipeline `download_pipeline` #272 via trigger `every_second`
INFO  [plombery.272] Executing pipeline `download_pipeline` #272 via trigger `every_second`
Executing task download_and_delete_mp4
INFO  [plombery.272] Executing task download_and_delete_mp4
Running download_and_delete_mp4 at 2025-12-09 19:18:34.075564
INFO  [plombery.272-download_and_delete_mp4] Running download_and_delete_mp4 at 2025-12-09 19:18:34.075564
INFO:     127.0.0.1:57868 - "GET /api/runs/?pipeline_id=&trigger_id= HTTP/1.1" 200 OK
INFO:     127.0.0.1:65519 - "GET /api/pipelines/ HTTP/1.1" 200 OK
INFO:     127.0.0.1:57868 - "GET /api/runs/?pipeline_id=&trigger_id= HTTP/1.1" 200 OK
Executing pipeline `download_pipeline` #273 via trigger `every_second`
INFO  [plombery.273] Executing pipeline `download_pipeline` #273 via trigger `every_second`
Executing task download_and_delete_mp4
INFO  [plombery.273] Executing task download_and_delete_mp4
Running download_and_delete_mp4 at 2025-12-09 19:18:35.081551
INFO  [plombery.273-download_and_delete_mp4] Running download_and_delete_mp4 at 2025-12-09 19:18:35.081551
INFO:     127.0.0.1:57868 - "GET /api/runs/?pipeline_id=&trigger_id= HTTP/1.1" 200 OK
Executing pipeline `download_pipeline` #274 via trigger `every_second`
INFO  [plombery.274] Executing pipeline `download_pipeline` #274 via trigger `every_second`
Executing task download_and_delete_mp4
INFO  [plombery.274] Executing task download_and_delete_mp4
Running download_and_delete_mp4 at 2025-12-09 19:18:36.072114
INFO  [plombery.274-download_and_delete_mp4] Running download_and_delete_mp4 at 2025-12-09 19:18:36.072114
INFO:     127.0.0.1:57868 - "GET /api/runs/?pipeline_id=&trigger_id= HTTP/1.1" 200 OK
Executing pipeline `download_pipeline` #275 via trigger `every_second`
INFO  [plombery.275] Executing pipeline `download_pipeline` #275 via trigger `every_second`
Executing task download_and_delete_mp4
INFO  [plombery.275] Executing task download_and_delete_mp4
Running download_and_delete_mp4 at 2025-12-09 19:18:37.077819
INFO  [plombery.275-download_and_delete_mp4] Running download_and_delete_mp4 at 2025-12-09 19:18:37.077819
INFO:     127.0.0.1:57868 - "GET /api/runs/?pipeline_id=&trigger_id= HTTP/1.1" 200 OK
INFO:     127.0.0.1:57868 - "GET / HTTP/1.1" 304 Not Modified
INFO:     127.0.0.1:56681 - "WebSocket /ws/socket.io/?EIO=4&transport=websocket" [accepted]
INFO:     127.0.0.1:57868 - "GET /api/auth/whoami HTTP/1.1" 200 OK
INFO:     127.0.0.1:57868 - "GET /api/pipelines/ HTTP/1.1" 200 OK
INFO:     127.0.0.1:65519 - "GET /api/runs/?pipeline_id=&trigger_id= HTTP/1.1" 200 OK
Executing pipeline `download_pipeline` #276 via trigger `every_second`
INFO  [plombery.276] Executing pipeline `download_pipeline` #276 via trigger `every_second`
Executing task download_and_delete_mp4
INFO  [plombery.276] Executing task download_and_delete_mp4
Running download_and_delete_mp4 at 2025-12-09 19:18:38.077286
INFO  [plombery.276-download_and_delete_mp4] Running download_and_delete_mp4 at 2025-12-09 19:18:38.077286
INFO:     127.0.0.1:65519 - "GET /api/runs/?pipeline_id=&trigger_id= HTTP/1.1" 200 OK
INFO:     127.0.0.1:65519 - "GET / HTTP/1.1" 304 Not Modified
INFO:     127.0.0.1:58679 - "WebSocket /ws/socket.io/?EIO=4&transport=websocket" [accepted]
INFO:     127.0.0.1:65519 - "GET /api/auth/whoami HTTP/1.1" 200 OK
INFO:     127.0.0.1:65519 - "GET /api/pipelines/ HTTP/1.1" 200 OK
INFO:     127.0.0.1:57868 - "GET /api/runs/?pipeline_id=&trigger_id= HTTP/1.1" 200 OK
Executing pipeline `download_pipeline` #277 via trigger `every_second`
INFO  [plombery.277] Executing pipeline `download_pipeline` #277 via trigger `every_second`
Executing task download_and_delete_mp4
INFO  [plombery.277] Executing task download_and_delete_mp4
Running download_and_delete_mp4 at 2025-12-09 19:18:39.077424
INFO  [plombery.277-download_and_delete_mp4] Running download_and_delete_mp4 at 2025-12-09 19:18:39.077424
INFO:     127.0.0.1:57868 - "GET /api/runs/?pipeline_id=&trigger_id= HTTP/1.1" 200 OK
INFO:     127.0.0.1:57868 - "GET / HTTP/1.1" 304 Not Modified
INFO:     127.0.0.1:65006 - "WebSocket /ws/socket.io/?EIO=4&transport=websocket" [accepted]
INFO:     127.0.0.1:57868 - "GET /api/auth/whoami HTTP/1.1" 200 OK
INFO:     127.0.0.1:57868 - "GET /api/pipelines/ HTTP/1.1" 200 OK
INFO:     127.0.0.1:65519 - "GET /api/runs/?pipeline_id=&trigger_id= HTTP/1.1" 200 OK
Executing pipeline `download_pipeline` #278 via trigger `every_second`
INFO  [plombery.278] Executing pipeline `download_pipeline` #278 via trigger `every_second`
Executing task download_and_delete_mp4
INFO  [plombery.278] Executing task download_and_delete_mp4
Running download_and_delete_mp4 at 2025-12-09 19:18:40.079510
INFO  [plombery.278-download_and_delete_mp4] Running download_and_delete_mp4 at 2025-12-09 19:18:40.079510
INFO:     127.0.0.1:65519 - "GET /api/runs/?pipeline_id=&trigger_id= HTTP/1.1" 200 OK
Executing pipeline `download_pipeline` #279 via trigger `every_second`
INFO  [plombery.279] Executing pipeline `download_pipeline` #279 via trigger `every_second`
Executing task download_and_delete_mp4
INFO  [plombery.279] Executing task download_and_delete_mp4
Running download_and_delete_mp4 at 2025-12-09 19:18:41.073279
INFO  [plombery.279-download_and_delete_mp4] Running download_and_delete_mp4 at 2025-12-09 19:18:41.073279
INFO:     127.0.0.1:65519 - "GET /api/runs/?pipeline_id=&trigger_id= HTTP/1.1" 200 OK
Executing pipeline `download_pipeline` #280 via trigger `every_second`
INFO  [plombery.280] Executing pipeline `download_pipeline` #280 via trigger `every_second`
Executing task download_and_delete_mp4
INFO  [plombery.280] Executing task download_and_delete_mp4
Running download_and_delete_mp4 at 2025-12-09 19:18:42.069599
INFO  [plombery.280-download_and_delete_mp4] Running download_and_delete_mp4 at 2025-12-09 19:18:42.069599
INFO:     127.0.0.1:65519 - "GET /api/runs/?pipeline_id=&trigger_id= HTTP/1.1" 200 OK
Executing pipeline `download_pipeline` #281 via trigger `every_second`
INFO  [plombery.281] Executing pipeline `download_pipeline` #281 via trigger `every_second`
Executing task download_and_delete_mp4
INFO  [plombery.281] Executing task download_and_delete_mp4
Running download_and_delete_mp4 at 2025-12-09 19:18:43.079409
INFO  [plombery.281-download_and_delete_mp4] Running download_and_delete_mp4 at 2025-12-09 19:18:43.079409
INFO:     127.0.0.1:65519 - "GET /api/runs/?pipeline_id=&trigger_id= HTTP/1.1" 200 OK
Executing pipeline `download_pipeline` #282 via trigger `every_second`
INFO  [plombery.282] Executing pipeline `download_pipeline` #282 via trigger `every_second`
Executing task download_and_delete_mp4
INFO  [plombery.282] Executing task download_and_delete_mp4
Running download_and_delete_mp4 at 2025-12-09 19:18:44.079306
INFO  [plombery.282-download_and_delete_mp4] Running download_and_delete_mp4 at 2025-12-09 19:18:44.079306
INFO:     127.0.0.1:65519 - "GET /api/runs/?pipeline_id=&trigger_id= HTTP/1.1" 200 OK
Executing pipeline `download_pipeline` #283 via trigger `every_second`
INFO  [plombery.283] Executing pipeline `download_pipeline` #283 via trigger `every_second`
Executing task download_and_delete_mp4
INFO  [plombery.283] Executing task download_and_delete_mp4
Running download_and_delete_mp4 at 2025-12-09 19:18:45.067417
INFO  [plombery.283-download_and_delete_mp4] Running download_and_delete_mp4 at 2025-12-09 19:18:45.067417
INFO:     127.0.0.1:65519 - "GET /api/runs/?pipeline_id=&trigger_id= HTTP/1.1" 200 OK
Executing pipeline `download_pipeline` #284 via trigger `every_second`
INFO  [plombery.284] Executing pipeline `download_pipeline` #284 via trigger `every_second`
Executing task download_and_delete_mp4
INFO  [plombery.284] Executing task download_and_delete_mp4
Running download_and_delete_mp4 at 2025-12-09 19:18:46.073570
INFO  [plombery.284-download_and_delete_mp4] Running download_and_delete_mp4 at 2025-12-09 19:18:46.073570
INFO:     127.0.0.1:65519 - "GET /api/runs/?pipeline_id=&trigger_id= HTTP/1.1" 200 OK
Executing pipeline `download_pipeline` #285 via trigger `every_second`
INFO  [plombery.285] Executing pipeline `download_pipeline` #285 via trigger `every_second`
Executing task download_and_delete_mp4
INFO  [plombery.285] Executing task download_and_delete_mp4
Running download_and_delete_mp4 at 2025-12-09 19:18:47.077392
INFO  [plombery.285-download_and_delete_mp4] Running download_and_delete_mp4 at 2025-12-09 19:18:47.077392
INFO:     127.0.0.1:65519 - "GET /api/runs/?pipeline_id=&trigger_id= HTTP/1.1" 200 OK
Executing pipeline `download_pipeline` #286 via trigger `every_second`
INFO  [plombery.286] Executing pipeline `download_pipeline` #286 via trigger `every_second`
Executing task download_and_delete_mp4
INFO  [plombery.286] Executing task download_and_delete_mp4
Running download_and_delete_mp4 at 2025-12-09 19:18:48.071602
INFO  [plombery.286-download_and_delete_mp4] Running download_and_delete_mp4 at 2025-12-09 19:18:48.071602
INFO:     127.0.0.1:65519 - "GET /api/runs/?pipeline_id=&trigger_id= HTTP/1.1" 200 OK
Executing pipeline `download_pipeline` #287 via trigger `every_second`
INFO  [plombery.287] Executing pipeline `download_pipeline` #287 via trigger `every_second`
Executing task download_and_delete_mp4
INFO  [plombery.287] Executing task download_and_delete_mp4
Running download_and_delete_mp4 at 2025-12-09 19:18:49.079608
INFO  [plombery.287-download_and_delete_mp4] Running download_and_delete_mp4 at 2025-12-09 19:18:49.079608
INFO:     127.0.0.1:65519 - "GET /api/runs/?pipeline_id=&trigger_id= HTTP/1.1" 200 OK
Executing pipeline `download_pipeline` #288 via trigger `every_second`
INFO  [plombery.288] Executing pipeline `download_pipeline` #288 via trigger `every_second`
Executing task download_and_delete_mp4
INFO  [plombery.288] Executing task download_and_delete_mp4
Running download_and_delete_mp4 at 2025-12-09 19:18:50.081570
INFO  [plombery.288-download_and_delete_mp4] Running download_and_delete_mp4 at 2025-12-09 19:18:50.081570
INFO:     127.0.0.1:65519 - "GET /api/runs/?pipeline_id=&trigger_id= HTTP/1.1" 200 OK
Executing pipeline `download_pipeline` #289 via trigger `every_second`
INFO  [plombery.289] Executing pipeline `download_pipeline` #289 via trigger `every_second`
Executing task download_and_delete_mp4
INFO  [plombery.289] Executing task download_and_delete_mp4
Running download_and_delete_mp4 at 2025-12-09 19:18:51.075479
INFO  [plombery.289-download_and_delete_mp4] Running download_and_delete_mp4 at 2025-12-09 19:18:51.075479
INFO:     127.0.0.1:65519 - "GET /api/runs/?pipeline_id=&trigger_id= HTTP/1.1" 200 OK
Executing pipeline `download_pipeline` #290 via trigger `every_second`
INFO  [plombery.290] Executing pipeline `download_pipeline` #290 via trigger `every_second`
Executing task download_and_delete_mp4
INFO  [plombery.290] Executing task download_and_delete_mp4
Running download_and_delete_mp4 at 2025-12-09 19:18:52.081709
INFO  [plombery.290-download_and_delete_mp4] Running download_and_delete_mp4 at 2025-12-09 19:18:52.081709
INFO:     127.0.0.1:65519 - "GET /api/runs/?pipeline_id=&trigger_id= HTTP/1.1" 200 OK
Executing pipeline `download_pipeline` #291 via trigger `every_second`
INFO  [plombery.291] Executing pipeline `download_pipeline` #291 via trigger `every_second`
Executing task download_and_delete_mp4
INFO  [plombery.291] Executing task download_and_delete_mp4
Running download_and_delete_mp4 at 2025-12-09 19:18:53.081532
INFO  [plombery.291-download_and_delete_mp4] Running download_and_delete_mp4 at 2025-12-09 19:18:53.081532
INFO:     127.0.0.1:65519 - "GET /api/runs/?pipeline_id=&trigger_id= HTTP/1.1" 200 OK
Executing pipeline `download_pipeline` #292 via trigger `every_second`
INFO  [plombery.292] Executing pipeline `download_pipeline` #292 via trigger `every_second`
Executing task download_and_delete_mp4
INFO  [plombery.292] Executing task download_and_delete_mp4
Running download_and_delete_mp4 at 2025-12-09 19:18:54.081714
INFO  [plombery.292-download_and_delete_mp4] Running download_and_delete_mp4 at 2025-12-09 19:18:54.081714
INFO:     127.0.0.1:65519 - "GET /api/runs/?pipeline_id=&trigger_id= HTTP/1.1" 200 OK
Executing pipeline `download_pipeline` #293 via trigger `every_second`
INFO  [plombery.293] Executing pipeline `download_pipeline` #293 via trigger `every_second`
Executing task download_and_delete_mp4
INFO  [plombery.293] Executing task download_and_delete_mp4
Running download_and_delete_mp4 at 2025-12-09 19:18:55.073540
INFO  [plombery.293-download_and_delete_mp4] Running download_and_delete_mp4 at 2025-12-09 19:18:55.073540
INFO:     127.0.0.1:65519 - "GET /api/runs/?pipeline_id=&trigger_id= HTTP/1.1" 200 OK
Executing pipeline `download_pipeline` #294 via trigger `every_second`
INFO  [plombery.294] Executing pipeline `download_pipeline` #294 via trigger `every_second`
Executing task download_and_delete_mp4
INFO  [plombery.294] Executing task download_and_delete_mp4
Running download_and_delete_mp4 at 2025-12-09 19:18:56.079573
INFO  [plombery.294-download_and_delete_mp4] Running download_and_delete_mp4 at 2025-12-09 19:18:56.079573
INFO:     127.0.0.1:65519 - "GET /api/runs/?pipeline_id=&trigger_id= HTTP/1.1" 200 OK
Executing pipeline `download_pipeline` #295 via trigger `every_second`
INFO  [plombery.295] Executing pipeline `download_pipeline` #295 via trigger `every_second`
Executing task download_and_delete_mp4
INFO  [plombery.295] Executing task download_and_delete_mp4
Running download_and_delete_mp4 at 2025-12-09 19:18:57.077694
INFO  [plombery.295-download_and_delete_mp4] Running download_and_delete_mp4 at 2025-12-09 19:18:57.077694
INFO:     127.0.0.1:65519 - "GET /api/runs/?pipeline_id=&trigger_id= HTTP/1.1" 200 OK
Executing pipeline `download_pipeline` #296 via trigger `every_second`
INFO  [plombery.296] Executing pipeline `download_pipeline` #296 via trigger `every_second`
Executing task download_and_delete_mp4
INFO  [plombery.296] Executing task download_and_delete_mp4
Running download_and_delete_mp4 at 2025-12-09 19:18:58.071767
INFO  [plombery.296-download_and_delete_mp4] Running download_and_delete_mp4 at 2025-12-09 19:18:58.071767
INFO:     127.0.0.1:65519 - "GET /api/runs/?pipeline_id=&trigger_id= HTTP/1.1" 200 OK
Executing pipeline `download_pipeline` #297 via trigger `every_second`
INFO  [plombery.297] Executing pipeline `download_pipeline` #297 via trigger `every_second`
Executing task download_and_delete_mp4
INFO  [plombery.297] Executing task download_and_delete_mp4
Running download_and_delete_mp4 at 2025-12-09 19:18:59.069847
INFO  [plombery.297-download_and_delete_mp4] Running download_and_delete_mp4 at 2025-12-09 19:18:59.069847
INFO:     127.0.0.1:65519 - "GET /api/runs/?pipeline_id=&trigger_id= HTTP/1.1" 200 OK
Executing pipeline `download_pipeline` #298 via trigger `every_second`
INFO  [plombery.298] Executing pipeline `download_pipeline` #298 via trigger `every_second`
Executing task download_and_delete_mp4
INFO  [plombery.298] Executing task download_and_delete_mp4
Running download_and_delete_mp4 at 2025-12-09 19:19:00.079807
INFO  [plombery.298-download_and_delete_mp4] Running download_and_delete_mp4 at 2025-12-09 19:19:00.079807
INFO:     127.0.0.1:65519 - "GET /api/runs/?pipeline_id=&trigger_id= HTTP/1.1" 200 OK
Executing pipeline `download_pipeline` #299 via trigger `every_second`
INFO  [plombery.299] Executing pipeline `download_pipeline` #299 via trigger `every_second`
Executing task download_and_delete_mp4
INFO  [plombery.299] Executing task download_and_delete_mp4
Running download_and_delete_mp4 at 2025-12-09 19:19:01.073816
INFO  [plombery.299-download_and_delete_mp4] Running download_and_delete_mp4 at 2025-12-09 19:19:01.073816
INFO:     127.0.0.1:65519 - "GET /api/runs/?pipeline_id=&trigger_id= HTTP/1.1" 200 OK
Executing pipeline `download_pipeline` #300 via trigger `every_second`
INFO  [plombery.300] Executing pipeline `download_pipeline` #300 via trigger `every_second`
Executing task download_and_delete_mp4
INFO  [plombery.300] Executing task download_and_delete_mp4
Running download_and_delete_mp4 at 2025-12-09 19:19:02.072383
INFO  [plombery.300-download_and_delete_mp4] Running download_and_delete_mp4 at 2025-12-09 19:19:02.072383
INFO:     127.0.0.1:65519 - "GET /api/runs/?pipeline_id=&trigger_id= HTTP/1.1" 200 OK
Executing pipeline `download_pipeline` #301 via trigger `every_second`
INFO  [plombery.301] Executing pipeline `download_pipeline` #301 via trigger `every_second`
Executing task download_and_delete_mp4
INFO  [plombery.301] Executing task download_and_delete_mp4
Running download_and_delete_mp4 at 2025-12-09 19:19:03.077909
INFO  [plombery.301-download_and_delete_mp4] Running download_and_delete_mp4 at 2025-12-09 19:19:03.077909
INFO:     127.0.0.1:65519 - "GET /api/runs/?pipeline_id=&trigger_id= HTTP/1.1" 200 OK
INFO:     127.0.0.1:61096 - "GET /api/pipelines/ HTTP/1.1" 200 OK
INFO:     127.0.0.1:65519 - "GET /api/runs/?pipeline_id=&trigger_id= HTTP/1.1" 200 OK
Executing pipeline `download_pipeline` #302 via trigger `every_second`
INFO  [plombery.302] Executing pipeline `download_pipeline` #302 via trigger `every_second`
Executing task download_and_delete_mp4
INFO  [plombery.302] Executing task download_and_delete_mp4
Running download_and_delete_mp4 at 2025-12-09 19:19:04.068009
INFO  [plombery.302-download_and_delete_mp4] Running download_and_delete_mp4 at 2025-12-09 19:19:04.068009
INFO:     127.0.0.1:65519 - "GET /api/runs/?pipeline_id=&trigger_id= HTTP/1.1" 200 OK
Executing pipeline `download_pipeline` #303 via trigger `every_second`
INFO  [plombery.303] Executing pipeline `download_pipeline` #303 via trigger `every_second`
Executing task download_and_delete_mp4
INFO  [plombery.303] Executing task download_and_delete_mp4
Running download_and_delete_mp4 at 2025-12-09 19:19:05.077591
INFO  [plombery.303-download_and_delete_mp4] Running download_and_delete_mp4 at 2025-12-09 19:19:05.077591
INFO:     127.0.0.1:65519 - "GET /api/runs/?pipeline_id=&trigger_id= HTTP/1.1" 200 OK
Executing pipeline `download_pipeline` #304 via trigger `every_second`
INFO  [plombery.304] Executing pipeline `download_pipeline` #304 via trigger `every_second`
Executing task download_and_delete_mp4
INFO  [plombery.304] Executing task download_and_delete_mp4
Running download_and_delete_mp4 at 2025-12-09 19:19:06.081835
INFO  [plombery.304-download_and_delete_mp4] Running download_and_delete_mp4 at 2025-12-09 19:19:06.081835
INFO:     127.0.0.1:65519 - "GET /api/runs/?pipeline_id=&trigger_id= HTTP/1.1" 200 OK
Executing pipeline `download_pipeline` #305 via trigger `every_second`
INFO  [plombery.305] Executing pipeline `download_pipeline` #305 via trigger `every_second`
Executing task download_and_delete_mp4
INFO  [plombery.305] Executing task download_and_delete_mp4
Running download_and_delete_mp4 at 2025-12-09 19:19:07.081990
INFO  [plombery.305-download_and_delete_mp4] Running download_and_delete_mp4 at 2025-12-09 19:19:07.081990
INFO:     127.0.0.1:65519 - "GET /api/runs/?pipeline_id=&trigger_id= HTTP/1.1" 200 OK
Executing pipeline `download_pipeline` #306 via trigger `every_second`
INFO  [plombery.306] Executing pipeline `download_pipeline` #306 via trigger `every_second`
Executing task download_and_delete_mp4
INFO  [plombery.306] Executing task download_and_delete_mp4
Running download_and_delete_mp4 at 2025-12-09 19:19:08.077713
INFO  [plombery.306-download_and_delete_mp4] Running download_and_delete_mp4 at 2025-12-09 19:19:08.077713
INFO:     127.0.0.1:65519 - "GET /api/runs/?pipeline_id=&trigger_id= HTTP/1.1" 200 OK
Executing pipeline `download_pipeline` #307 via trigger `every_second`
INFO  [plombery.307] Executing pipeline `download_pipeline` #307 via trigger `every_second`
Executing task download_and_delete_mp4
INFO  [plombery.307] Executing task download_and_delete_mp4
Running download_and_delete_mp4 at 2025-12-09 19:19:09.069804
INFO  [plombery.307-download_and_delete_mp4] Running download_and_delete_mp4 at 2025-12-09 19:19:09.069804
INFO:     127.0.0.1:65519 - "GET /api/runs/?pipeline_id=&trigger_id= HTTP/1.1" 200 OK
Executing pipeline `download_pipeline` #308 via trigger `every_second`
INFO  [plombery.308] Executing pipeline `download_pipeline` #308 via trigger `every_second`
Executing task download_and_delete_mp4
INFO  [plombery.308] Executing task download_and_delete_mp4
Running download_and_delete_mp4 at 2025-12-09 19:19:10.067916
INFO  [plombery.308-download_and_delete_mp4] Running download_and_delete_mp4 at 2025-12-09 19:19:10.067916
INFO:     127.0.0.1:65519 - "GET /api/runs/?pipeline_id=&trigger_id= HTTP/1.1" 200 OK
INFO:     Shutting down
Executing pipeline `download_pipeline` #309 via trigger `every_second`
INFO  [plombery.309] Executing pipeline `download_pipeline` #309 via trigger `every_second`
Executing task download_and_delete_mp4
INFO  [plombery.309] Executing task download_and_delete_mp4
Running download_and_delete_mp4 at 2025-12-09 19:19:11.079640
INFO  [plombery.309-download_and_delete_mp4] Running download_and_delete_mp4 at 2025-12-09 19:19:11.079640
INFO:     Waiting for application shutdown.
INFO:     Application shutdown complete.
INFO:     Finished server process [34672]
